<?xml version="1.0" encoding="UTF-8"?>
<coverage generated="1624310369128" clover="3.2.0">
  <project timestamp="1624310369128" name="All files">
    <metrics statements="69" coveredstatements="61" conditionals="34" coveredconditionals="20" methods="29" coveredmethods="24" elements="132" coveredelements="105" complexity="0" loc="69" ncloc="69" packages="1" files="7" classes="7"/>
    <file name="ConnectComponent.jsx" path="C:\Git\WorkEec\eec-common\Extension-SP2021\src\in-content\unifiedComponents\ConnectComponent.jsx">
      <metrics statements="7" coveredstatements="7" conditionals="2" coveredconditionals="1" methods="4" coveredmethods="4"/>
      <line num="11" count="3" type="stmt"/>
      <line num="39" count="6" type="stmt"/>
      <line num="41" count="6" type="stmt"/>
      <line num="44" count="6" type="stmt"/>
      <line num="46" count="2" type="stmt"/>
      <line num="47" count="1" type="stmt"/>
      <line num="52" count="1" type="stmt"/>
    </file>
    <file name="ConnectMainContent.jsx" path="C:\Git\WorkEec\eec-common\Extension-SP2021\src\in-content\unifiedComponents\ConnectMainContent.jsx">
      <metrics statements="10" coveredstatements="9" conditionals="2" coveredconditionals="0" methods="5" coveredmethods="4"/>
      <line num="13" count="7" type="stmt"/>
      <line num="22" count="1" type="stmt"/>
      <line num="39" count="1" type="stmt"/>
      <line num="57" count="7" type="stmt"/>
      <line num="64" count="17" type="stmt"/>
      <line num="65" count="17" type="stmt"/>
      <line num="67" count="34" type="stmt"/>
      <line num="68" count="0" type="cond" truecount="0" falsecount="2"/>
      <line num="71" count="17" type="stmt"/>
      <line num="113" count="1" type="stmt"/>
    </file>
    <file name="ConnectMainPanel.jsx" path="C:\Git\WorkEec\eec-common\Extension-SP2021\src\in-content\unifiedComponents\ConnectMainPanel.jsx">
      <metrics statements="24" coveredstatements="17" conditionals="12" coveredconditionals="7" methods="9" coveredmethods="5"/>
      <line num="12" count="1" type="stmt"/>
      <line num="23" count="7" type="stmt"/>
      <line num="85" count="17" type="stmt"/>
      <line num="88" count="17" type="stmt"/>
      <line num="91" count="17" type="stmt"/>
      <line num="93" count="17" type="stmt"/>
      <line num="94" count="17" type="stmt"/>
      <line num="95" count="7" type="stmt"/>
      <line num="102" count="17" type="stmt"/>
      <line num="103" count="1" type="cond" truecount="3" falsecount="1"/>
      <line num="104" count="1" type="cond" truecount="1" falsecount="1"/>
      <line num="105" count="1" type="stmt"/>
      <line num="107" count="0" type="stmt"/>
      <line num="108" count="0" type="stmt"/>
      <line num="114" count="17" type="stmt"/>
      <line num="115" count="0" type="cond" truecount="0" falsecount="2"/>
      <line num="116" count="0" type="stmt"/>
      <line num="117" count="0" type="stmt"/>
      <line num="122" count="17" type="stmt"/>
      <line num="127" count="0" type="stmt"/>
      <line num="128" count="0" type="stmt"/>
      <line num="130" count="1" type="stmt"/>
      <line num="142" count="1" type="stmt"/>
      <line num="153" count="1" type="stmt"/>
    </file>
    <file name="ConnectStatusPanel.jsx" path="C:\Git\WorkEec\eec-common\Extension-SP2021\src\in-content\unifiedComponents\ConnectStatusPanel.jsx">
      <metrics statements="11" coveredstatements="11" conditionals="6" coveredconditionals="5" methods="5" coveredmethods="5"/>
      <line num="9" count="9" type="stmt"/>
      <line num="55" count="17" type="stmt"/>
      <line num="58" count="17" type="stmt"/>
      <line num="61" count="17" type="stmt"/>
      <line num="62" count="2" type="stmt"/>
      <line num="63" count="2" type="cond" truecount="1" falsecount="1"/>
      <line num="67" count="17" type="stmt"/>
      <line num="72" count="4" type="stmt"/>
      <line num="73" count="1" type="stmt"/>
      <line num="81" count="1" type="stmt"/>
      <line num="89" count="1" type="stmt"/>
    </file>
    <file name="OpenArrow.jsx" path="C:\Git\WorkEec\eec-common\Extension-SP2021\src\in-content\unifiedComponents\OpenArrow.jsx">
      <metrics statements="5" coveredstatements="5" conditionals="4" coveredconditionals="2" methods="2" coveredmethods="2"/>
      <line num="9" count="9" type="stmt"/>
      <line num="23" count="17" type="stmt"/>
      <line num="25" count="17" type="stmt"/>
      <line num="37" count="1" type="stmt"/>
      <line num="42" count="1" type="stmt"/>
    </file>
    <file name="PanelTitle.jsx" path="C:\Git\WorkEec\eec-common\Extension-SP2021\src\in-content\unifiedComponents\PanelTitle.jsx">
      <metrics statements="9" coveredstatements="9" conditionals="8" coveredconditionals="5" methods="3" coveredmethods="3"/>
      <line num="9" count="7" type="stmt"/>
      <line num="23" count="17" type="stmt"/>
      <line num="24" count="17" type="stmt"/>
      <line num="27" count="17" type="stmt"/>
      <line num="28" count="1" type="cond" truecount="1" falsecount="1"/>
      <line num="29" count="1" type="stmt"/>
      <line num="33" count="17" type="stmt"/>
      <line num="58" count="1" type="stmt"/>
      <line num="64" count="1" type="stmt"/>
    </file>
    <file name="StatusListItem.jsx" path="C:\Git\WorkEec\eec-common\Extension-SP2021\src\in-content\unifiedComponents\StatusListItem.jsx">
      <metrics statements="3" coveredstatements="3" conditionals="0" coveredconditionals="0" methods="1" coveredmethods="1"/>
      <line num="7" count="34" type="stmt"/>
      <line num="9" count="34" type="stmt"/>
      <line num="14" count="1" type="stmt"/>
    </file>
  </project>
</coverage>
