<?xml version="1.0" encoding="UTF-8"?>
<coverage generated="1626986065155" clover="3.2.0">
  <project timestamp="1626986065156" name="All files">
    <metrics statements="188" coveredstatements="70" conditionals="84" coveredconditionals="7" methods="89" coveredmethods="17" elements="361" coveredelements="94" complexity="0" loc="188" ncloc="188" packages="4" files="9" classes="9"/>
    <package name="in-content.unifiedComponents">
      <metrics statements="12" coveredstatements="5" conditionals="8" coveredconditionals="0" methods="4" coveredmethods="2"/>
      <file name="KarunaConnect.jsx" path="C:\Git\WorkEec\eec-common\Extension-SP2021\src\in-content\unifiedComponents\KarunaConnect.jsx">
        <metrics statements="12" coveredstatements="5" conditionals="8" coveredconditionals="0" methods="4" coveredmethods="2"/>
        <line num="16" count="1" type="stmt"/>
        <line num="45" count="14" type="stmt"/>
        <line num="48" count="12" type="stmt"/>
        <line num="51" count="12" type="stmt"/>
        <line num="54" count="0" type="stmt"/>
        <line num="57" count="0" type="stmt"/>
        <line num="60" count="0" type="stmt"/>
        <line num="61" count="0" type="stmt"/>
        <line num="62" count="0" type="stmt"/>
        <line num="66" count="0" type="stmt"/>
        <line num="76" count="0" type="stmt"/>
        <line num="82" count="1" type="stmt"/>
      </file>
    </package>
    <package name="in-content.unifiedComponents.KarunaConnect">
      <metrics statements="71" coveredstatements="33" conditionals="52" coveredconditionals="7" methods="24" coveredmethods="6"/>
      <file name="ConnectMainDrawer.jsx" path="C:\Git\WorkEec\eec-common\Extension-SP2021\src\in-content\unifiedComponents\KarunaConnect\ConnectMainDrawer.jsx">
        <metrics statements="34" coveredstatements="14" conditionals="20" coveredconditionals="3" methods="11" coveredmethods="2"/>
        <line num="15" count="4" type="stmt"/>
        <line num="73" count="4" type="stmt"/>
        <line num="81" count="4" type="stmt"/>
        <line num="84" count="4" type="stmt"/>
        <line num="87" count="4" type="stmt"/>
        <line num="90" count="4" type="stmt"/>
        <line num="91" count="4" type="stmt"/>
        <line num="94" count="4" type="stmt"/>
        <line num="95" count="0" type="cond" truecount="0" falsecount="4"/>
        <line num="96" count="0" type="cond" truecount="0" falsecount="2"/>
        <line num="97" count="0" type="stmt"/>
        <line num="99" count="0" type="stmt"/>
        <line num="100" count="0" type="stmt"/>
        <line num="106" count="4" type="stmt"/>
        <line num="107" count="0" type="cond" truecount="0" falsecount="2"/>
        <line num="108" count="0" type="stmt"/>
        <line num="109" count="0" type="stmt"/>
        <line num="114" count="4" type="stmt"/>
        <line num="115" count="0" type="cond" truecount="0" falsecount="2"/>
        <line num="116" count="0" type="cond" truecount="0" falsecount="2"/>
        <line num="117" count="0" type="stmt"/>
        <line num="119" count="0" type="stmt"/>
        <line num="120" count="0" type="stmt"/>
        <line num="126" count="4" type="stmt"/>
        <line num="127" count="0" type="cond" truecount="0" falsecount="2"/>
        <line num="128" count="0" type="stmt"/>
        <line num="129" count="0" type="stmt"/>
        <line num="130" count="0" type="stmt"/>
        <line num="135" count="4" type="stmt"/>
        <line num="140" count="0" type="stmt"/>
        <line num="141" count="0" type="stmt"/>
        <line num="144" count="0" type="stmt"/>
        <line num="157" count="1" type="stmt"/>
        <line num="168" count="1" type="stmt"/>
      </file>
      <file name="ConnectStatusDrawer.jsx" path="C:\Git\WorkEec\eec-common\Extension-SP2021\src\in-content\unifiedComponents\KarunaConnect\ConnectStatusDrawer.jsx">
        <metrics statements="16" coveredstatements="6" conditionals="20" coveredconditionals="0" methods="6" coveredmethods="2"/>
        <line num="14" count="1" type="stmt"/>
        <line num="65" count="4" type="stmt"/>
        <line num="66" count="4" type="stmt"/>
        <line num="69" count="4" type="stmt"/>
        <line num="70" count="0" type="stmt"/>
        <line num="73" count="0" type="stmt"/>
        <line num="76" count="0" type="stmt"/>
        <line num="77" count="0" type="stmt"/>
        <line num="81" count="0" type="stmt"/>
        <line num="82" count="0" type="stmt"/>
        <line num="83" count="0" type="cond" truecount="0" falsecount="2"/>
        <line num="87" count="0" type="stmt"/>
        <line num="92" count="0" type="stmt"/>
        <line num="93" count="0" type="stmt"/>
        <line num="141" count="1" type="stmt"/>
        <line num="149" count="1" type="stmt"/>
      </file>
      <file name="CustomTooltip.jsx" path="C:\Git\WorkEec\eec-common\Extension-SP2021\src\in-content\unifiedComponents\KarunaConnect\CustomTooltip.jsx">
        <metrics statements="6" coveredstatements="3" conditionals="0" coveredconditionals="0" methods="2" coveredmethods="0"/>
        <line num="7" count="1" type="stmt"/>
        <line num="17" count="0" type="stmt"/>
        <line num="20" count="0" type="stmt"/>
        <line num="28" count="0" type="stmt"/>
        <line num="35" count="1" type="stmt"/>
        <line num="40" count="1" type="stmt"/>
      </file>
      <file name="PanelOpenArrow.jsx" path="C:\Git\WorkEec\eec-common\Extension-SP2021\src\in-content\unifiedComponents\KarunaConnect\PanelOpenArrow.jsx">
        <metrics statements="6" coveredstatements="3" conditionals="4" coveredconditionals="0" methods="2" coveredmethods="0"/>
        <line num="9" count="1" type="stmt"/>
        <line num="23" count="0" type="stmt"/>
        <line num="24" count="0" type="stmt"/>
        <line num="26" count="0" type="stmt"/>
        <line num="38" count="1" type="stmt"/>
        <line num="43" count="1" type="stmt"/>
      </file>
      <file name="PanelTitle.jsx" path="C:\Git\WorkEec\eec-common\Extension-SP2021\src\in-content\unifiedComponents\KarunaConnect\PanelTitle.jsx">
        <metrics statements="9" coveredstatements="7" conditionals="8" coveredconditionals="4" methods="3" coveredmethods="2"/>
        <line num="9" count="4" type="stmt"/>
        <line num="18" count="4" type="stmt"/>
        <line num="19" count="4" type="stmt"/>
        <line num="22" count="4" type="stmt"/>
        <line num="23" count="0" type="cond" truecount="0" falsecount="2"/>
        <line num="24" count="0" type="stmt"/>
        <line num="29" count="4" type="stmt"/>
        <line num="65" count="1" type="stmt"/>
        <line num="71" count="1" type="stmt"/>
      </file>
    </package>
    <package name="in-content.unifiedComponents.data">
      <metrics statements="100" coveredstatements="29" conditionals="24" coveredconditionals="0" methods="58" coveredmethods="8"/>
      <file name="backgroundHelper.js" path="C:\Git\WorkEec\eec-common\Extension-SP2021\src\in-content\unifiedComponents\data\backgroundHelper.js">
        <metrics statements="46" coveredstatements="6" conditionals="24" coveredconditionals="0" methods="38" coveredmethods="5"/>
        <line num="3" count="1" type="stmt"/>
        <line num="20" count="5" type="stmt"/>
        <line num="21" count="0" type="cond" truecount="0" falsecount="4"/>
        <line num="22" count="0" type="stmt"/>
        <line num="23" count="0" type="cond" truecount="0" falsecount="2"/>
        <line num="24" count="0" type="stmt"/>
        <line num="28" count="0" type="cond" truecount="0" falsecount="2"/>
        <line num="29" count="0" type="stmt"/>
        <line num="35" count="0" type="stmt"/>
        <line num="37" count="0" type="stmt"/>
        <line num="44" count="0" type="stmt"/>
        <line num="45" count="0" type="stmt"/>
        <line num="51" count="0" type="stmt"/>
        <line num="53" count="0" type="stmt"/>
        <line num="60" count="0" type="stmt"/>
        <line num="61" count="0" type="stmt"/>
        <line num="67" count="0" type="stmt"/>
        <line num="69" count="0" type="stmt"/>
        <line num="77" count="0" type="cond" truecount="0" falsecount="4"/>
        <line num="78" count="0" type="stmt"/>
        <line num="80" count="0" type="stmt"/>
        <line num="82" count="0" type="stmt"/>
        <line num="88" count="0" type="stmt"/>
        <line num="90" count="0" type="stmt"/>
        <line num="97" count="0" type="stmt"/>
        <line num="98" count="0" type="stmt"/>
        <line num="104" count="0" type="stmt"/>
        <line num="106" count="0" type="stmt"/>
        <line num="112" count="0" type="stmt"/>
        <line num="113" count="0" type="stmt"/>
        <line num="119" count="0" type="stmt"/>
        <line num="121" count="0" type="stmt"/>
        <line num="127" count="0" type="stmt"/>
        <line num="128" count="0" type="stmt"/>
        <line num="134" count="0" type="stmt"/>
        <line num="136" count="0" type="stmt"/>
        <line num="143" count="0" type="stmt"/>
        <line num="144" count="0" type="stmt"/>
        <line num="150" count="2" type="stmt"/>
        <line num="151" count="2" type="stmt"/>
        <line num="155" count="0" type="stmt"/>
        <line num="156" count="0" type="stmt"/>
        <line num="162" count="3" type="stmt"/>
        <line num="163" count="3" type="stmt"/>
        <line num="167" count="0" type="stmt"/>
        <line num="168" count="0" type="stmt"/>
      </file>
      <file name="globalState.js" path="C:\Git\WorkEec\eec-common\Extension-SP2021\src\in-content\unifiedComponents\data\globalState.js">
        <metrics statements="54" coveredstatements="23" conditionals="0" coveredconditionals="0" methods="20" coveredmethods="3"/>
        <line num="7" count="1" type="stmt"/>
        <line num="11" count="1" type="stmt"/>
        <line num="12" count="1" type="stmt"/>
        <line num="13" count="0" type="stmt"/>
        <line num="17" count="1" type="stmt"/>
        <line num="23" count="1" type="stmt"/>
        <line num="29" count="1" type="stmt"/>
        <line num="34" count="1" type="stmt"/>
        <line num="40" count="1" type="stmt"/>
        <line num="46" count="3" type="stmt"/>
        <line num="49" count="3" type="stmt"/>
        <line num="50" count="0" type="stmt"/>
        <line num="57" count="1" type="stmt"/>
        <line num="60" count="6" type="stmt"/>
        <line num="61" count="0" type="stmt"/>
        <line num="66" count="1" type="stmt"/>
        <line num="72" count="1" type="stmt"/>
        <line num="81" count="0" type="stmt"/>
        <line num="84" count="0" type="stmt"/>
        <line num="85" count="0" type="stmt"/>
        <line num="92" count="1" type="stmt"/>
        <line num="95" count="0" type="stmt"/>
        <line num="100" count="0" type="stmt"/>
        <line num="103" count="0" type="stmt"/>
        <line num="108" count="1" type="stmt"/>
        <line num="114" count="0" type="stmt"/>
        <line num="117" count="0" type="stmt"/>
        <line num="118" count="0" type="stmt"/>
        <line num="125" count="1" type="stmt"/>
        <line num="131" count="0" type="stmt"/>
        <line num="134" count="0" type="stmt"/>
        <line num="135" count="0" type="stmt"/>
        <line num="142" count="1" type="stmt"/>
        <line num="148" count="2" type="stmt"/>
        <line num="151" count="2" type="stmt"/>
        <line num="152" count="0" type="stmt"/>
        <line num="159" count="1" type="stmt"/>
        <line num="162" count="0" type="stmt"/>
        <line num="163" count="0" type="stmt"/>
        <line num="168" count="0" type="stmt"/>
        <line num="169" count="0" type="stmt"/>
        <line num="175" count="0" type="stmt"/>
        <line num="180" count="1" type="stmt"/>
        <line num="183" count="0" type="stmt"/>
        <line num="184" count="0" type="stmt"/>
        <line num="189" count="0" type="stmt"/>
        <line num="190" count="0" type="stmt"/>
        <line num="196" count="0" type="stmt"/>
        <line num="201" count="1" type="stmt"/>
        <line num="204" count="0" type="stmt"/>
        <line num="205" count="0" type="stmt"/>
        <line num="210" count="0" type="stmt"/>
        <line num="211" count="0" type="stmt"/>
        <line num="217" count="0" type="stmt"/>
      </file>
    </package>
    <package name="util">
      <metrics statements="5" coveredstatements="3" conditionals="0" coveredconditionals="0" methods="3" coveredmethods="1"/>
      <file name="Logger.js" path="C:\Git\WorkEec\eec-common\Extension-SP2021\src\util\Logger.js">
        <metrics statements="5" coveredstatements="3" conditionals="0" coveredconditionals="0" methods="3" coveredmethods="1"/>
        <line num="2" count="2" type="stmt"/>
        <line num="3" count="2" type="stmt"/>
        <line num="4" count="2" type="stmt"/>
        <line num="8" count="0" type="stmt"/>
        <line num="12" count="0" type="stmt"/>
      </file>
    </package>
  </project>
</coverage>
