{"C:\\Git\\WorkEec\\eec-common\\Extension-SP2021\\src\\in-content\\unifiedComponents\\ConnectComponent.jsx": {"path":"C:\\Git\\WorkEec\\eec-common\\Extension-SP2021\\src\\in-content\\unifiedComponents\\ConnectComponent.jsx","statementMap":{"0":{"start":{"line":11,"column":18},"end":{"line":34,"column":3}},"1":{"start":{"line":11,"column":41},"end":{"line":34,"column":1}},"2":{"start":{"line":39,"column":37},"end":{"line":39,"column":48}},"3":{"start":{"line":41,"column":44},"end":{"line":41,"column":59}},"4":{"start":{"line":44,"column":2},"end":{"line":49,"column":3}},"5":{"start":{"line":46,"column":65},"end":{"line":46,"column":87}},"6":{"start":{"line":47,"column":64},"end":{"line":47,"column":87}},"7":{"start":{"line":52,"column":0},"end":{"line":55,"column":1}}},"fnMap":{"0":{"name":"(anonymous_0)","decl":{"start":{"line":11,"column":29},"end":{"line":11,"column":30}},"loc":{"start":{"line":11,"column":41},"end":{"line":34,"column":1}},"line":11},"1":{"name":"ConnectComponent","decl":{"start":{"line":37,"column":24},"end":{"line":37,"column":40}},"loc":{"start":{"line":37,"column":64},"end":{"line":50,"column":1}},"line":37},"2":{"name":"(anonymous_2)","decl":{"start":{"line":46,"column":57},"end":{"line":46,"column":58}},"loc":{"start":{"line":46,"column":63},"end":{"line":46,"column":89}},"line":46},"3":{"name":"(anonymous_3)","decl":{"start":{"line":47,"column":56},"end":{"line":47,"column":57}},"loc":{"start":{"line":47,"column":62},"end":{"line":47,"column":89}},"line":47}},"branchMap":{"0":{"loc":{"start":{"line":45,"column":21},"end":{"line":45,"column":68}},"type":"cond-expr","locations":[{"start":{"line":45,"column":45},"end":{"line":45,"column":54}},{"start":{"line":45,"column":57},"end":{"line":45,"column":68}}],"line":45}},"s":{"0":1,"1":3,"2":6,"3":6,"4":6,"5":2,"6":1,"7":1},"f":{"0":3,"1":6,"2":2,"3":1},"b":{"0":[0,6]},"_coverageSchema":"1a1c01bbd47fc00a2c39e90264f33305004495a9","hash":"fe9c9e35462565dca1a34aabb8beb8cdefc719f3"}
,"C:\\Git\\WorkEec\\eec-common\\Extension-SP2021\\src\\in-content\\unifiedComponents\\ConnectMainContent.jsx": {"path":"C:\\Git\\WorkEec\\eec-common\\Extension-SP2021\\src\\in-content\\unifiedComponents\\ConnectMainContent.jsx","statementMap":{"0":{"start":{"line":13,"column":18},"end":{"line":20,"column":3}},"1":{"start":{"line":13,"column":41},"end":{"line":20,"column":1}},"2":{"start":{"line":22,"column":18},"end":{"line":37,"column":16}},"3":{"start":{"line":39,"column":25},"end":{"line":55,"column":23}},"4":{"start":{"line":57,"column":25},"end":{"line":61,"column":24}},"5":{"start":{"line":57,"column":48},"end":{"line":61,"column":1}},"6":{"start":{"line":64,"column":18},"end":{"line":64,"column":29}},"7":{"start":{"line":65,"column":34},"end":{"line":65,"column":56}},"8":{"start":{"line":67,"column":23},"end":{"line":69,"column":3}},"9":{"start":{"line":67,"column":34},"end":{"line":69,"column":3}},"10":{"start":{"line":68,"column":4},"end":{"line":68,"column":43}},"11":{"start":{"line":71,"column":2},"end":{"line":110,"column":3}},"12":{"start":{"line":113,"column":0},"end":{"line":115,"column":1}}},"fnMap":{"0":{"name":"(anonymous_0)","decl":{"start":{"line":13,"column":29},"end":{"line":13,"column":30}},"loc":{"start":{"line":13,"column":41},"end":{"line":20,"column":1}},"line":13},"1":{"name":"(anonymous_1)","decl":{"start":{"line":57,"column":36},"end":{"line":57,"column":37}},"loc":{"start":{"line":57,"column":48},"end":{"line":61,"column":1}},"line":57},"2":{"name":"ConnectMainContent","decl":{"start":{"line":63,"column":24},"end":{"line":63,"column":42}},"loc":{"start":{"line":63,"column":50},"end":{"line":111,"column":1}},"line":63},"3":{"name":"(anonymous_3)","decl":{"start":{"line":67,"column":23},"end":{"line":67,"column":24}},"loc":{"start":{"line":67,"column":34},"end":{"line":69,"column":3}},"line":67},"4":{"name":"(anonymous_4)","decl":{"start":{"line":67,"column":34},"end":{"line":67,"column":35}},"loc":{"start":{"line":67,"column":57},"end":{"line":69,"column":3}},"line":67}},"branchMap":{"0":{"loc":{"start":{"line":68,"column":16},"end":{"line":68,"column":42}},"type":"cond-expr","locations":[{"start":{"line":68,"column":29},"end":{"line":68,"column":34}},{"start":{"line":68,"column":37},"end":{"line":68,"column":42}}],"line":68}},"s":{"0":1,"1":7,"2":1,"3":1,"4":1,"5":7,"6":17,"7":17,"8":17,"9":34,"10":0,"11":17,"12":1},"f":{"0":7,"1":7,"2":17,"3":34,"4":0},"b":{"0":[0,0]},"_coverageSchema":"1a1c01bbd47fc00a2c39e90264f33305004495a9","hash":"488a3389b867e64808bfa1a1c9bac4cbdf25e77f"}
,"C:\\Git\\WorkEec\\eec-common\\Extension-SP2021\\src\\in-content\\unifiedComponents\\ConnectMainPanel.jsx": {"path":"C:\\Git\\WorkEec\\eec-common\\Extension-SP2021\\src\\in-content\\unifiedComponents\\ConnectMainPanel.jsx","statementMap":{"0":{"start":{"line":12,"column":14},"end":{"line":21,"column":2}},"1":{"start":{"line":23,"column":18},"end":{"line":74,"column":3}},"2":{"start":{"line":23,"column":41},"end":{"line":74,"column":1}},"3":{"start":{"line":85,"column":103},"end":{"line":85,"column":114}},"4":{"start":{"line":88,"column":40},"end":{"line":88,"column":55}},"5":{"start":{"line":91,"column":40},"end":{"line":91,"column":55}},"6":{"start":{"line":93,"column":38},"end":{"line":93,"column":56}},"7":{"start":{"line":94,"column":2},"end":{"line":99,"column":8}},"8":{"start":{"line":95,"column":4},"end":{"line":98,"column":6}},"9":{"start":{"line":102,"column":15},"end":{"line":111,"column":3}},"10":{"start":{"line":103,"column":4},"end":{"line":110,"column":5}},"11":{"start":{"line":104,"column":6},"end":{"line":109,"column":7}},"12":{"start":{"line":105,"column":8},"end":{"line":105,"column":16}},"13":{"start":{"line":107,"column":30},"end":{"line":107,"column":72}},"14":{"start":{"line":107,"column":49},"end":{"line":107,"column":57}},"15":{"start":{"line":108,"column":8},"end":{"line":108,"column":37}},"16":{"start":{"line":114,"column":21},"end":{"line":119,"column":3}},"17":{"start":{"line":115,"column":4},"end":{"line":118,"column":5}},"18":{"start":{"line":116,"column":6},"end":{"line":116,"column":31}},"19":{"start":{"line":117,"column":6},"end":{"line":117,"column":27}},"20":{"start":{"line":122,"column":2},"end":{"line":139,"column":3}},"21":{"start":{"line":127,"column":28},"end":{"line":127,"column":49}},"22":{"start":{"line":127,"column":50},"end":{"line":127,"column":62}},"23":{"start":{"line":128,"column":28},"end":{"line":128,"column":50}},"24":{"start":{"line":128,"column":51},"end":{"line":128,"column":62}},"25":{"start":{"line":130,"column":72},"end":{"line":130,"column":82}},"26":{"start":{"line":142,"column":0},"end":{"line":151,"column":1}},"27":{"start":{"line":153,"column":0},"end":{"line":157,"column":1}}},"fnMap":{"0":{"name":"(anonymous_0)","decl":{"start":{"line":23,"column":29},"end":{"line":23,"column":30}},"loc":{"start":{"line":23,"column":41},"end":{"line":74,"column":1}},"line":23},"1":{"name":"ConnectMainPanel","decl":{"start":{"line":83,"column":24},"end":{"line":83,"column":40}},"loc":{"start":{"line":83,"column":74},"end":{"line":140,"column":1}},"line":83},"2":{"name":"(anonymous_2)","decl":{"start":{"line":94,"column":18},"end":{"line":94,"column":19}},"loc":{"start":{"line":94,"column":24},"end":{"line":99,"column":3}},"line":94},"3":{"name":"(anonymous_3)","decl":{"start":{"line":102,"column":15},"end":{"line":102,"column":16}},"loc":{"start":{"line":102,"column":30},"end":{"line":111,"column":3}},"line":102},"4":{"name":"(anonymous_4)","decl":{"start":{"line":107,"column":41},"end":{"line":107,"column":42}},"loc":{"start":{"line":107,"column":47},"end":{"line":107,"column":59}},"line":107},"5":{"name":"(anonymous_5)","decl":{"start":{"line":114,"column":21},"end":{"line":114,"column":22}},"loc":{"start":{"line":114,"column":27},"end":{"line":119,"column":3}},"line":114},"6":{"name":"(anonymous_6)","decl":{"start":{"line":127,"column":20},"end":{"line":127,"column":21}},"loc":{"start":{"line":127,"column":26},"end":{"line":127,"column":64}},"line":127},"7":{"name":"(anonymous_7)","decl":{"start":{"line":128,"column":20},"end":{"line":128,"column":21}},"loc":{"start":{"line":128,"column":26},"end":{"line":128,"column":64}},"line":128},"8":{"name":"(anonymous_8)","decl":{"start":{"line":130,"column":64},"end":{"line":130,"column":65}},"loc":{"start":{"line":130,"column":70},"end":{"line":130,"column":84}},"line":130}},"branchMap":{"0":{"loc":{"start":{"line":103,"column":4},"end":{"line":110,"column":5}},"type":"if","locations":[{"start":{"line":103,"column":4},"end":{"line":110,"column":5}},{"start":{"line":103,"column":4},"end":{"line":110,"column":5}}],"line":103},"1":{"loc":{"start":{"line":103,"column":8},"end":{"line":103,"column":25}},"type":"binary-expr","locations":[{"start":{"line":103,"column":8},"end":{"line":103,"column":14}},{"start":{"line":103,"column":18},"end":{"line":103,"column":25}}],"line":103},"2":{"loc":{"start":{"line":104,"column":6},"end":{"line":109,"column":7}},"type":"if","locations":[{"start":{"line":104,"column":6},"end":{"line":109,"column":7}},{"start":{"line":104,"column":6},"end":{"line":109,"column":7}}],"line":104},"3":{"loc":{"start":{"line":115,"column":4},"end":{"line":118,"column":5}},"type":"if","locations":[{"start":{"line":115,"column":4},"end":{"line":118,"column":5}},{"start":{"line":115,"column":4},"end":{"line":118,"column":5}}],"line":115},"4":{"loc":{"start":{"line":126,"column":33},"end":{"line":126,"column":102}},"type":"cond-expr","locations":[{"start":{"line":126,"column":42},"end":{"line":126,"column":53}},{"start":{"line":126,"column":57},"end":{"line":126,"column":101}}],"line":126},"5":{"loc":{"start":{"line":126,"column":57},"end":{"line":126,"column":101}},"type":"cond-expr","locations":[{"start":{"line":126,"column":71},"end":{"line":126,"column":84}},{"start":{"line":126,"column":87},"end":{"line":126,"column":101}}],"line":126}},"s":{"0":1,"1":1,"2":7,"3":17,"4":17,"5":17,"6":17,"7":17,"8":7,"9":17,"10":1,"11":1,"12":1,"13":0,"14":0,"15":0,"16":17,"17":0,"18":0,"19":0,"20":17,"21":0,"22":0,"23":0,"24":0,"25":1,"26":1,"27":1},"f":{"0":7,"1":17,"2":7,"3":1,"4":0,"5":0,"6":0,"7":0,"8":1},"b":{"0":[1,0],"1":[1,1],"2":[1,0],"3":[0,0],"4":[7,10],"5":[0,10]},"_coverageSchema":"1a1c01bbd47fc00a2c39e90264f33305004495a9","hash":"19570a013bfe5279029859c419f1dec489affcf0"}
,"C:\\Git\\WorkEec\\eec-common\\Extension-SP2021\\src\\in-content\\unifiedComponents\\ConnectStatusPanel.jsx": {"path":"C:\\Git\\WorkEec\\eec-common\\Extension-SP2021\\src\\in-content\\unifiedComponents\\ConnectStatusPanel.jsx","statementMap":{"0":{"start":{"line":9,"column":18},"end":{"line":44,"column":3}},"1":{"start":{"line":9,"column":41},"end":{"line":44,"column":1}},"2":{"start":{"line":55,"column":68},"end":{"line":55,"column":79}},"3":{"start":{"line":58,"column":40},"end":{"line":58,"column":55}},"4":{"start":{"line":61,"column":24},"end":{"line":64,"column":3}},"5":{"start":{"line":62,"column":4},"end":{"line":62,"column":25}},"6":{"start":{"line":63,"column":4},"end":{"line":63,"column":28}},"7":{"start":{"line":63,"column":18},"end":{"line":63,"column":26}},"8":{"start":{"line":67,"column":2},"end":{"line":78,"column":3}},"9":{"start":{"line":72,"column":28},"end":{"line":72,"column":48}},"10":{"start":{"line":73,"column":28},"end":{"line":73,"column":49}},"11":{"start":{"line":81,"column":0},"end":{"line":87,"column":1}},"12":{"start":{"line":89,"column":0},"end":{"line":92,"column":1}}},"fnMap":{"0":{"name":"(anonymous_0)","decl":{"start":{"line":9,"column":29},"end":{"line":9,"column":30}},"loc":{"start":{"line":9,"column":41},"end":{"line":44,"column":1}},"line":9},"1":{"name":"ConnectStatusPanel","decl":{"start":{"line":53,"column":24},"end":{"line":53,"column":42}},"loc":{"start":{"line":53,"column":64},"end":{"line":79,"column":1}},"line":53},"2":{"name":"(anonymous_2)","decl":{"start":{"line":61,"column":24},"end":{"line":61,"column":25}},"loc":{"start":{"line":61,"column":30},"end":{"line":64,"column":3}},"line":61},"3":{"name":"(anonymous_3)","decl":{"start":{"line":72,"column":20},"end":{"line":72,"column":21}},"loc":{"start":{"line":72,"column":26},"end":{"line":72,"column":50}},"line":72},"4":{"name":"(anonymous_4)","decl":{"start":{"line":73,"column":20},"end":{"line":73,"column":21}},"loc":{"start":{"line":73,"column":26},"end":{"line":73,"column":51}},"line":73}},"branchMap":{"0":{"loc":{"start":{"line":63,"column":4},"end":{"line":63,"column":28}},"type":"if","locations":[{"start":{"line":63,"column":4},"end":{"line":63,"column":28}},{"start":{"line":63,"column":4},"end":{"line":63,"column":28}}],"line":63},"1":{"loc":{"start":{"line":71,"column":33},"end":{"line":71,"column":102}},"type":"cond-expr","locations":[{"start":{"line":71,"column":42},"end":{"line":71,"column":53}},{"start":{"line":71,"column":57},"end":{"line":71,"column":101}}],"line":71},"2":{"loc":{"start":{"line":71,"column":57},"end":{"line":71,"column":101}},"type":"cond-expr","locations":[{"start":{"line":71,"column":71},"end":{"line":71,"column":84}},{"start":{"line":71,"column":87},"end":{"line":71,"column":101}}],"line":71}},"s":{"0":1,"1":9,"2":17,"3":17,"4":17,"5":2,"6":2,"7":2,"8":17,"9":4,"10":1,"11":1,"12":1},"f":{"0":9,"1":17,"2":2,"3":4,"4":1},"b":{"0":[2,0],"1":[2,15],"2":[4,11]},"_coverageSchema":"1a1c01bbd47fc00a2c39e90264f33305004495a9","hash":"9077064652b9d84e1566eb585cca104fa3d37461"}
,"C:\\Git\\WorkEec\\eec-common\\Extension-SP2021\\src\\in-content\\unifiedComponents\\OpenArrow.jsx": {"path":"C:\\Git\\WorkEec\\eec-common\\Extension-SP2021\\src\\in-content\\unifiedComponents\\OpenArrow.jsx","statementMap":{"0":{"start":{"line":9,"column":18},"end":{"line":20,"column":3}},"1":{"start":{"line":9,"column":41},"end":{"line":20,"column":1}},"2":{"start":{"line":23,"column":18},"end":{"line":23,"column":29}},"3":{"start":{"line":25,"column":2},"end":{"line":34,"column":3}},"4":{"start":{"line":37,"column":0},"end":{"line":40,"column":1}},"5":{"start":{"line":42,"column":0},"end":{"line":45,"column":1}}},"fnMap":{"0":{"name":"(anonymous_0)","decl":{"start":{"line":9,"column":29},"end":{"line":9,"column":30}},"loc":{"start":{"line":9,"column":41},"end":{"line":20,"column":1}},"line":9},"1":{"name":"OpenArrow","decl":{"start":{"line":22,"column":24},"end":{"line":22,"column":33}},"loc":{"start":{"line":22,"column":60},"end":{"line":35,"column":1}},"line":22}},"branchMap":{"0":{"loc":{"start":{"line":28,"column":58},"end":{"line":28,"column":102}},"type":"cond-expr","locations":[{"start":{"line":28,"column":68},"end":{"line":28,"column":83}},{"start":{"line":28,"column":86},"end":{"line":28,"column":102}}],"line":28},"1":{"loc":{"start":{"line":31,"column":72},"end":{"line":31,"column":116}},"type":"cond-expr","locations":[{"start":{"line":31,"column":82},"end":{"line":31,"column":97}},{"start":{"line":31,"column":100},"end":{"line":31,"column":116}}],"line":31}},"s":{"0":1,"1":9,"2":17,"3":17,"4":1,"5":1},"f":{"0":9,"1":17},"b":{"0":[17,0],"1":[17,0]},"_coverageSchema":"1a1c01bbd47fc00a2c39e90264f33305004495a9","hash":"3e26e06472690f55fc3f234118aab9706d0dcc12"}
,"C:\\Git\\WorkEec\\eec-common\\Extension-SP2021\\src\\in-content\\unifiedComponents\\PanelTitle.jsx": {"path":"C:\\Git\\WorkEec\\eec-common\\Extension-SP2021\\src\\in-content\\unifiedComponents\\PanelTitle.jsx","statementMap":{"0":{"start":{"line":9,"column":18},"end":{"line":20,"column":3}},"1":{"start":{"line":9,"column":41},"end":{"line":20,"column":1}},"2":{"start":{"line":23,"column":36},"end":{"line":23,"column":41}},"3":{"start":{"line":24,"column":35},"end":{"line":24,"column":46}},"4":{"start":{"line":27,"column":24},"end":{"line":31,"column":3}},"5":{"start":{"line":28,"column":4},"end":{"line":30,"column":5}},"6":{"start":{"line":29,"column":6},"end":{"line":29,"column":15}},"7":{"start":{"line":33,"column":2},"end":{"line":55,"column":3}},"8":{"start":{"line":58,"column":0},"end":{"line":62,"column":1}},"9":{"start":{"line":64,"column":0},"end":{"line":67,"column":1}}},"fnMap":{"0":{"name":"(anonymous_0)","decl":{"start":{"line":9,"column":29},"end":{"line":9,"column":30}},"loc":{"start":{"line":9,"column":41},"end":{"line":20,"column":1}},"line":9},"1":{"name":"PanelTitle","decl":{"start":{"line":22,"column":24},"end":{"line":22,"column":34}},"loc":{"start":{"line":22,"column":43},"end":{"line":56,"column":1}},"line":22},"2":{"name":"(anonymous_2)","decl":{"start":{"line":27,"column":24},"end":{"line":27,"column":25}},"loc":{"start":{"line":27,"column":30},"end":{"line":31,"column":3}},"line":27}},"branchMap":{"0":{"loc":{"start":{"line":28,"column":4},"end":{"line":30,"column":5}},"type":"if","locations":[{"start":{"line":28,"column":4},"end":{"line":30,"column":5}},{"start":{"line":28,"column":4},"end":{"line":30,"column":5}}],"line":28},"1":{"loc":{"start":{"line":35,"column":7},"end":{"line":41,"column":7}},"type":"binary-expr","locations":[{"start":{"line":35,"column":7},"end":{"line":35,"column":23}},{"start":{"line":36,"column":8},"end":{"line":40,"column":15}}],"line":35},"2":{"loc":{"start":{"line":42,"column":21},"end":{"line":42,"column":47}},"type":"cond-expr","locations":[{"start":{"line":42,"column":40},"end":{"line":42,"column":42}},{"start":{"line":42,"column":45},"end":{"line":42,"column":47}}],"line":42},"3":{"loc":{"start":{"line":47,"column":7},"end":{"line":53,"column":7}},"type":"binary-expr","locations":[{"start":{"line":47,"column":7},"end":{"line":47,"column":24}},{"start":{"line":48,"column":8},"end":{"line":52,"column":15}}],"line":47}},"s":{"0":1,"1":7,"2":17,"3":17,"4":17,"5":1,"6":1,"7":17,"8":1,"9":1},"f":{"0":7,"1":17,"2":1},"b":{"0":[1,0],"1":[17,0],"2":[0,17],"3":[17,17]},"_coverageSchema":"1a1c01bbd47fc00a2c39e90264f33305004495a9","hash":"74094d67cd95e5c0dfd945a47be0accfa225909b"}
,"C:\\Git\\WorkEec\\eec-common\\Extension-SP2021\\src\\in-content\\unifiedComponents\\StatusListItem.jsx": {"path":"C:\\Git\\WorkEec\\eec-common\\Extension-SP2021\\src\\in-content\\unifiedComponents\\StatusListItem.jsx","statementMap":{"0":{"start":{"line":7,"column":24},"end":{"line":7,"column":29}},"1":{"start":{"line":9,"column":2},"end":{"line":11,"column":3}},"2":{"start":{"line":14,"column":0},"end":{"line":16,"column":1}}},"fnMap":{"0":{"name":"StatusListItem","decl":{"start":{"line":6,"column":24},"end":{"line":6,"column":38}},"loc":{"start":{"line":6,"column":46},"end":{"line":12,"column":1}},"line":6}},"branchMap":{},"s":{"0":34,"1":34,"2":1},"f":{"0":34},"b":{},"_coverageSchema":"1a1c01bbd47fc00a2c39e90264f33305004495a9","hash":"111c67c3fc15745d6e8c9674eef3eb6b99aa195d"}
}
