{"C:\\Git\\WorkEec\\eec-common\\Extension-SP2021\\src\\in-content\\unifiedComponents\\ConnectComponent.jsx": {"path":"C:\\Git\\WorkEec\\eec-common\\Extension-SP2021\\src\\in-content\\unifiedComponents\\ConnectComponent.jsx","statementMap":{"0":{"start":{"line":8,"column":18},"end":{"line":19,"column":3}},"1":{"start":{"line":8,"column":41},"end":{"line":19,"column":1}},"2":{"start":{"line":24,"column":19},"end":{"line":24,"column":30}},"3":{"start":{"line":27,"column":44},"end":{"line":27,"column":59}},"4":{"start":{"line":30,"column":2},"end":{"line":35,"column":3}},"5":{"start":{"line":32,"column":65},"end":{"line":32,"column":87}},"6":{"start":{"line":33,"column":64},"end":{"line":33,"column":87}},"7":{"start":{"line":38,"column":0},"end":{"line":39,"column":1}},"8":{"start":{"line":41,"column":0},"end":{"line":42,"column":1}}},"fnMap":{"0":{"name":"(anonymous_0)","decl":{"start":{"line":8,"column":29},"end":{"line":8,"column":30}},"loc":{"start":{"line":8,"column":41},"end":{"line":19,"column":1}},"line":8},"1":{"name":"ConnectComponent","decl":{"start":{"line":22,"column":24},"end":{"line":22,"column":40}},"loc":{"start":{"line":22,"column":44},"end":{"line":36,"column":1}},"line":22},"2":{"name":"(anonymous_2)","decl":{"start":{"line":32,"column":57},"end":{"line":32,"column":58}},"loc":{"start":{"line":32,"column":63},"end":{"line":32,"column":89}},"line":32},"3":{"name":"(anonymous_3)","decl":{"start":{"line":33,"column":56},"end":{"line":33,"column":57}},"loc":{"start":{"line":33,"column":62},"end":{"line":33,"column":89}},"line":33}},"branchMap":{},"s":{"0":1,"1":3,"2":6,"3":6,"4":6,"5":2,"6":1,"7":1,"8":1},"f":{"0":3,"1":6,"2":2,"3":1},"b":{},"_coverageSchema":"1a1c01bbd47fc00a2c39e90264f33305004495a9","hash":"abbec489dff590a303b1c4cd6db866b3ab870b09"}
,"C:\\Git\\WorkEec\\eec-common\\Extension-SP2021\\src\\in-content\\unifiedComponents\\ConnectMainPanel.jsx": {"path":"C:\\Git\\WorkEec\\eec-common\\Extension-SP2021\\src\\in-content\\unifiedComponents\\ConnectMainPanel.jsx","statementMap":{"0":{"start":{"line":11,"column":14},"end":{"line":20,"column":2}},"1":{"start":{"line":22,"column":18},"end":{"line":73,"column":3}},"2":{"start":{"line":22,"column":41},"end":{"line":73,"column":1}},"3":{"start":{"line":84,"column":103},"end":{"line":84,"column":114}},"4":{"start":{"line":87,"column":40},"end":{"line":87,"column":55}},"5":{"start":{"line":90,"column":40},"end":{"line":90,"column":55}},"6":{"start":{"line":92,"column":38},"end":{"line":92,"column":56}},"7":{"start":{"line":93,"column":2},"end":{"line":98,"column":8}},"8":{"start":{"line":94,"column":4},"end":{"line":97,"column":6}},"9":{"start":{"line":101,"column":15},"end":{"line":110,"column":3}},"10":{"start":{"line":102,"column":4},"end":{"line":109,"column":5}},"11":{"start":{"line":103,"column":6},"end":{"line":108,"column":7}},"12":{"start":{"line":104,"column":8},"end":{"line":104,"column":16}},"13":{"start":{"line":106,"column":30},"end":{"line":106,"column":72}},"14":{"start":{"line":106,"column":49},"end":{"line":106,"column":57}},"15":{"start":{"line":107,"column":8},"end":{"line":107,"column":37}},"16":{"start":{"line":113,"column":21},"end":{"line":118,"column":3}},"17":{"start":{"line":114,"column":4},"end":{"line":117,"column":5}},"18":{"start":{"line":115,"column":6},"end":{"line":115,"column":31}},"19":{"start":{"line":116,"column":6},"end":{"line":116,"column":27}},"20":{"start":{"line":121,"column":2},"end":{"line":143,"column":3}},"21":{"start":{"line":126,"column":28},"end":{"line":126,"column":49}},"22":{"start":{"line":126,"column":50},"end":{"line":126,"column":62}},"23":{"start":{"line":127,"column":28},"end":{"line":127,"column":50}},"24":{"start":{"line":127,"column":51},"end":{"line":127,"column":62}},"25":{"start":{"line":129,"column":72},"end":{"line":129,"column":82}},"26":{"start":{"line":146,"column":0},"end":{"line":155,"column":1}},"27":{"start":{"line":157,"column":0},"end":{"line":161,"column":1}}},"fnMap":{"0":{"name":"(anonymous_0)","decl":{"start":{"line":22,"column":29},"end":{"line":22,"column":30}},"loc":{"start":{"line":22,"column":41},"end":{"line":73,"column":1}},"line":22},"1":{"name":"ConnectMainPanel","decl":{"start":{"line":82,"column":24},"end":{"line":82,"column":40}},"loc":{"start":{"line":82,"column":74},"end":{"line":144,"column":1}},"line":82},"2":{"name":"(anonymous_2)","decl":{"start":{"line":93,"column":18},"end":{"line":93,"column":19}},"loc":{"start":{"line":93,"column":24},"end":{"line":98,"column":3}},"line":93},"3":{"name":"(anonymous_3)","decl":{"start":{"line":101,"column":15},"end":{"line":101,"column":16}},"loc":{"start":{"line":101,"column":30},"end":{"line":110,"column":3}},"line":101},"4":{"name":"(anonymous_4)","decl":{"start":{"line":106,"column":41},"end":{"line":106,"column":42}},"loc":{"start":{"line":106,"column":47},"end":{"line":106,"column":59}},"line":106},"5":{"name":"(anonymous_5)","decl":{"start":{"line":113,"column":21},"end":{"line":113,"column":22}},"loc":{"start":{"line":113,"column":27},"end":{"line":118,"column":3}},"line":113},"6":{"name":"(anonymous_6)","decl":{"start":{"line":126,"column":20},"end":{"line":126,"column":21}},"loc":{"start":{"line":126,"column":26},"end":{"line":126,"column":64}},"line":126},"7":{"name":"(anonymous_7)","decl":{"start":{"line":127,"column":20},"end":{"line":127,"column":21}},"loc":{"start":{"line":127,"column":26},"end":{"line":127,"column":64}},"line":127},"8":{"name":"(anonymous_8)","decl":{"start":{"line":129,"column":64},"end":{"line":129,"column":65}},"loc":{"start":{"line":129,"column":70},"end":{"line":129,"column":84}},"line":129}},"branchMap":{"0":{"loc":{"start":{"line":102,"column":4},"end":{"line":109,"column":5}},"type":"if","locations":[{"start":{"line":102,"column":4},"end":{"line":109,"column":5}},{"start":{"line":102,"column":4},"end":{"line":109,"column":5}}],"line":102},"1":{"loc":{"start":{"line":102,"column":8},"end":{"line":102,"column":25}},"type":"binary-expr","locations":[{"start":{"line":102,"column":8},"end":{"line":102,"column":14}},{"start":{"line":102,"column":18},"end":{"line":102,"column":25}}],"line":102},"2":{"loc":{"start":{"line":103,"column":6},"end":{"line":108,"column":7}},"type":"if","locations":[{"start":{"line":103,"column":6},"end":{"line":108,"column":7}},{"start":{"line":103,"column":6},"end":{"line":108,"column":7}}],"line":103},"3":{"loc":{"start":{"line":114,"column":4},"end":{"line":117,"column":5}},"type":"if","locations":[{"start":{"line":114,"column":4},"end":{"line":117,"column":5}},{"start":{"line":114,"column":4},"end":{"line":117,"column":5}}],"line":114},"4":{"loc":{"start":{"line":125,"column":33},"end":{"line":125,"column":102}},"type":"cond-expr","locations":[{"start":{"line":125,"column":42},"end":{"line":125,"column":53}},{"start":{"line":125,"column":57},"end":{"line":125,"column":101}}],"line":125},"5":{"loc":{"start":{"line":125,"column":57},"end":{"line":125,"column":101}},"type":"cond-expr","locations":[{"start":{"line":125,"column":71},"end":{"line":125,"column":84}},{"start":{"line":125,"column":87},"end":{"line":125,"column":101}}],"line":125}},"s":{"0":1,"1":1,"2":7,"3":17,"4":17,"5":17,"6":17,"7":17,"8":7,"9":17,"10":1,"11":1,"12":1,"13":0,"14":0,"15":0,"16":17,"17":0,"18":0,"19":0,"20":17,"21":0,"22":0,"23":0,"24":0,"25":1,"26":1,"27":1},"f":{"0":7,"1":17,"2":7,"3":1,"4":0,"5":0,"6":0,"7":0,"8":1},"b":{"0":[1,0],"1":[1,1],"2":[1,0],"3":[0,0],"4":[7,10],"5":[0,10]},"_coverageSchema":"1a1c01bbd47fc00a2c39e90264f33305004495a9","hash":"014edad3fdcbb1968ef88384983f7baa68e107b7"}
,"C:\\Git\\WorkEec\\eec-common\\Extension-SP2021\\src\\in-content\\unifiedComponents\\ConnectStatusPanel.jsx": {"path":"C:\\Git\\WorkEec\\eec-common\\Extension-SP2021\\src\\in-content\\unifiedComponents\\ConnectStatusPanel.jsx","statementMap":{"0":{"start":{"line":9,"column":0},"end":{"line":9,"column":8}},"1":{"start":{"line":11,"column":18},"end":{"line":46,"column":3}},"2":{"start":{"line":11,"column":41},"end":{"line":46,"column":1}},"3":{"start":{"line":57,"column":68},"end":{"line":57,"column":79}},"4":{"start":{"line":60,"column":40},"end":{"line":60,"column":55}},"5":{"start":{"line":63,"column":24},"end":{"line":66,"column":3}},"6":{"start":{"line":64,"column":4},"end":{"line":64,"column":25}},"7":{"start":{"line":65,"column":4},"end":{"line":65,"column":28}},"8":{"start":{"line":65,"column":18},"end":{"line":65,"column":26}},"9":{"start":{"line":69,"column":2},"end":{"line":80,"column":3}},"10":{"start":{"line":74,"column":28},"end":{"line":74,"column":48}},"11":{"start":{"line":75,"column":28},"end":{"line":75,"column":49}},"12":{"start":{"line":83,"column":0},"end":{"line":89,"column":1}},"13":{"start":{"line":91,"column":0},"end":{"line":94,"column":1}}},"fnMap":{"0":{"name":"(anonymous_0)","decl":{"start":{"line":11,"column":29},"end":{"line":11,"column":30}},"loc":{"start":{"line":11,"column":41},"end":{"line":46,"column":1}},"line":11},"1":{"name":"ConnectStatusPanel","decl":{"start":{"line":55,"column":24},"end":{"line":55,"column":42}},"loc":{"start":{"line":55,"column":64},"end":{"line":81,"column":1}},"line":55},"2":{"name":"(anonymous_2)","decl":{"start":{"line":63,"column":24},"end":{"line":63,"column":25}},"loc":{"start":{"line":63,"column":30},"end":{"line":66,"column":3}},"line":63},"3":{"name":"(anonymous_3)","decl":{"start":{"line":74,"column":20},"end":{"line":74,"column":21}},"loc":{"start":{"line":74,"column":26},"end":{"line":74,"column":50}},"line":74},"4":{"name":"(anonymous_4)","decl":{"start":{"line":75,"column":20},"end":{"line":75,"column":21}},"loc":{"start":{"line":75,"column":26},"end":{"line":75,"column":51}},"line":75}},"branchMap":{"0":{"loc":{"start":{"line":65,"column":4},"end":{"line":65,"column":28}},"type":"if","locations":[{"start":{"line":65,"column":4},"end":{"line":65,"column":28}},{"start":{"line":65,"column":4},"end":{"line":65,"column":28}}],"line":65},"1":{"loc":{"start":{"line":73,"column":33},"end":{"line":73,"column":102}},"type":"cond-expr","locations":[{"start":{"line":73,"column":42},"end":{"line":73,"column":53}},{"start":{"line":73,"column":57},"end":{"line":73,"column":101}}],"line":73},"2":{"loc":{"start":{"line":73,"column":57},"end":{"line":73,"column":101}},"type":"cond-expr","locations":[{"start":{"line":73,"column":71},"end":{"line":73,"column":84}},{"start":{"line":73,"column":87},"end":{"line":73,"column":101}}],"line":73}},"s":{"0":1,"1":1,"2":9,"3":17,"4":17,"5":17,"6":2,"7":2,"8":2,"9":17,"10":4,"11":1,"12":1,"13":1},"f":{"0":9,"1":17,"2":2,"3":4,"4":1},"b":{"0":[2,0],"1":[2,15],"2":[4,11]},"_coverageSchema":"1a1c01bbd47fc00a2c39e90264f33305004495a9","hash":"db4edc5c8f9a0b1200cedee09dd43debc670660e"}
,"C:\\Git\\WorkEec\\eec-common\\Extension-SP2021\\src\\in-content\\unifiedComponents\\OpenArrow.jsx": {"path":"C:\\Git\\WorkEec\\eec-common\\Extension-SP2021\\src\\in-content\\unifiedComponents\\OpenArrow.jsx","statementMap":{"0":{"start":{"line":9,"column":18},"end":{"line":20,"column":3}},"1":{"start":{"line":9,"column":41},"end":{"line":20,"column":1}},"2":{"start":{"line":23,"column":18},"end":{"line":23,"column":29}},"3":{"start":{"line":25,"column":2},"end":{"line":34,"column":3}},"4":{"start":{"line":37,"column":0},"end":{"line":40,"column":1}},"5":{"start":{"line":42,"column":0},"end":{"line":45,"column":1}}},"fnMap":{"0":{"name":"(anonymous_0)","decl":{"start":{"line":9,"column":29},"end":{"line":9,"column":30}},"loc":{"start":{"line":9,"column":41},"end":{"line":20,"column":1}},"line":9},"1":{"name":"OpenArrow","decl":{"start":{"line":22,"column":24},"end":{"line":22,"column":33}},"loc":{"start":{"line":22,"column":60},"end":{"line":35,"column":1}},"line":22}},"branchMap":{"0":{"loc":{"start":{"line":28,"column":58},"end":{"line":28,"column":102}},"type":"cond-expr","locations":[{"start":{"line":28,"column":68},"end":{"line":28,"column":83}},{"start":{"line":28,"column":86},"end":{"line":28,"column":102}}],"line":28},"1":{"loc":{"start":{"line":31,"column":72},"end":{"line":31,"column":116}},"type":"cond-expr","locations":[{"start":{"line":31,"column":82},"end":{"line":31,"column":97}},{"start":{"line":31,"column":100},"end":{"line":31,"column":116}}],"line":31}},"s":{"0":1,"1":9,"2":17,"3":17,"4":1,"5":1},"f":{"0":9,"1":17},"b":{"0":[17,0],"1":[17,0]},"_coverageSchema":"1a1c01bbd47fc00a2c39e90264f33305004495a9","hash":"3e26e06472690f55fc3f234118aab9706d0dcc12"}
,"C:\\Git\\WorkEec\\eec-common\\Extension-SP2021\\src\\in-content\\unifiedComponents\\PanelTitle.jsx": {"path":"C:\\Git\\WorkEec\\eec-common\\Extension-SP2021\\src\\in-content\\unifiedComponents\\PanelTitle.jsx","statementMap":{"0":{"start":{"line":9,"column":18},"end":{"line":20,"column":3}},"1":{"start":{"line":9,"column":41},"end":{"line":20,"column":1}},"2":{"start":{"line":23,"column":36},"end":{"line":23,"column":41}},"3":{"start":{"line":24,"column":35},"end":{"line":24,"column":46}},"4":{"start":{"line":27,"column":24},"end":{"line":31,"column":3}},"5":{"start":{"line":28,"column":4},"end":{"line":30,"column":5}},"6":{"start":{"line":29,"column":6},"end":{"line":29,"column":15}},"7":{"start":{"line":33,"column":2},"end":{"line":55,"column":3}},"8":{"start":{"line":58,"column":0},"end":{"line":62,"column":1}},"9":{"start":{"line":64,"column":0},"end":{"line":67,"column":1}}},"fnMap":{"0":{"name":"(anonymous_0)","decl":{"start":{"line":9,"column":29},"end":{"line":9,"column":30}},"loc":{"start":{"line":9,"column":41},"end":{"line":20,"column":1}},"line":9},"1":{"name":"PanelTitle","decl":{"start":{"line":22,"column":24},"end":{"line":22,"column":34}},"loc":{"start":{"line":22,"column":43},"end":{"line":56,"column":1}},"line":22},"2":{"name":"(anonymous_2)","decl":{"start":{"line":27,"column":24},"end":{"line":27,"column":25}},"loc":{"start":{"line":27,"column":30},"end":{"line":31,"column":3}},"line":27}},"branchMap":{"0":{"loc":{"start":{"line":28,"column":4},"end":{"line":30,"column":5}},"type":"if","locations":[{"start":{"line":28,"column":4},"end":{"line":30,"column":5}},{"start":{"line":28,"column":4},"end":{"line":30,"column":5}}],"line":28},"1":{"loc":{"start":{"line":35,"column":7},"end":{"line":41,"column":7}},"type":"binary-expr","locations":[{"start":{"line":35,"column":7},"end":{"line":35,"column":23}},{"start":{"line":36,"column":8},"end":{"line":40,"column":15}}],"line":35},"2":{"loc":{"start":{"line":42,"column":21},"end":{"line":42,"column":47}},"type":"cond-expr","locations":[{"start":{"line":42,"column":40},"end":{"line":42,"column":42}},{"start":{"line":42,"column":45},"end":{"line":42,"column":47}}],"line":42},"3":{"loc":{"start":{"line":47,"column":7},"end":{"line":53,"column":7}},"type":"binary-expr","locations":[{"start":{"line":47,"column":7},"end":{"line":47,"column":24}},{"start":{"line":48,"column":8},"end":{"line":52,"column":15}}],"line":47}},"s":{"0":1,"1":7,"2":17,"3":17,"4":17,"5":1,"6":1,"7":17,"8":1,"9":1},"f":{"0":7,"1":17,"2":1},"b":{"0":[1,0],"1":[17,0],"2":[0,17],"3":[17,17]},"_coverageSchema":"1a1c01bbd47fc00a2c39e90264f33305004495a9","hash":"74094d67cd95e5c0dfd945a47be0accfa225909b"}
}
