TN:
SF:src\in-content\unifiedComponents\ConnectComponent.jsx
FN:8,(anonymous_0)
FN:22,ConnectComponent
FN:32,(anonymous_2)
FN:33,(anonymous_3)
FNF:4
FNH:4
FNDA:3,(anonymous_0)
FNDA:6,ConnectComponent
FNDA:2,(anonymous_2)
FNDA:1,(anonymous_3)
DA:8,3
DA:24,6
DA:27,6
DA:30,6
DA:32,2
DA:33,1
DA:38,1
DA:41,1
LF:8
LH:8
BRF:0
BRH:0
end_of_record
TN:
SF:src\in-content\unifiedComponents\ConnectMainPanel.jsx
FN:22,(anonymous_0)
FN:82,ConnectMainPanel
FN:93,(anonymous_2)
FN:101,(anonymous_3)
FN:106,(anonymous_4)
FN:113,(anonymous_5)
FN:126,(anonymous_6)
FN:127,(anonymous_7)
FN:129,(anonymous_8)
FNF:9
FNH:5
FNDA:7,(anonymous_0)
FNDA:17,ConnectMainPanel
FNDA:7,(anonymous_2)
FNDA:1,(anonymous_3)
FNDA:0,(anonymous_4)
FNDA:0,(anonymous_5)
FNDA:0,(anonymous_6)
FNDA:0,(anonymous_7)
FNDA:1,(anonymous_8)
DA:11,1
DA:22,7
DA:84,17
DA:87,17
DA:90,17
DA:92,17
DA:93,17
DA:94,7
DA:101,17
DA:102,1
DA:103,1
DA:104,1
DA:106,0
DA:107,0
DA:113,17
DA:114,0
DA:115,0
DA:116,0
DA:121,17
DA:126,0
DA:127,0
DA:129,1
DA:146,1
DA:157,1
LF:24
LH:17
BRDA:102,0,0,1
BRDA:102,0,1,0
BRDA:102,1,0,1
BRDA:102,1,1,1
BRDA:103,2,0,1
BRDA:103,2,1,0
BRDA:114,3,0,0
BRDA:114,3,1,0
BRDA:125,4,0,7
BRDA:125,4,1,10
BRDA:125,5,0,0
BRDA:125,5,1,10
BRF:12
BRH:7
end_of_record
TN:
SF:src\in-content\unifiedComponents\ConnectStatusPanel.jsx
FN:9,(anonymous_0)
FN:53,ConnectStatusPanel
FN:61,(anonymous_2)
FN:72,(anonymous_3)
FN:73,(anonymous_4)
FNF:5
FNH:4
FNDA:8,(anonymous_0)
FNDA:14,ConnectStatusPanel
FNDA:2,(anonymous_2)
FNDA:3,(anonymous_3)
FNDA:0,(anonymous_4)
DA:9,8
DA:55,14
DA:58,14
DA:61,14
DA:62,2
DA:63,2
DA:67,14
DA:72,3
DA:73,0
DA:81,1
DA:89,1
LF:11
LH:10
BRDA:63,0,0,2
BRDA:63,0,1,0
BRDA:71,1,0,10
BRDA:71,1,1,4
BRDA:71,2,0,0
BRDA:71,2,1,4
BRF:6
BRH:4
end_of_record
TN:
SF:src\in-content\unifiedComponents\OpenArrow.jsx
FN:9,(anonymous_0)
FN:22,OpenArrow
FNF:2
FNH:2
FNDA:8,(anonymous_0)
FNDA:14,OpenArrow
DA:9,8
DA:23,14
DA:25,14
DA:37,1
DA:42,1
LF:5
LH:5
BRDA:28,0,0,14
BRDA:28,0,1,0
BRDA:31,1,0,14
BRDA:31,1,1,0
BRF:4
BRH:2
end_of_record
TN:
SF:src\in-content\unifiedComponents\PanelTitle.jsx
FN:9,(anonymous_0)
FN:22,PanelTitle
FN:27,(anonymous_2)
FNF:3
FNH:3
FNDA:7,(anonymous_0)
FNDA:17,PanelTitle
FNDA:1,(anonymous_2)
DA:9,7
DA:23,17
DA:24,17
DA:27,17
DA:28,1
DA:29,1
DA:33,17
DA:58,1
DA:64,1
LF:9
LH:9
BRDA:28,0,0,1
BRDA:28,0,1,0
BRDA:35,1,0,17
BRDA:35,1,1,0
BRDA:42,2,0,0
BRDA:42,2,1,17
BRDA:47,3,0,17
BRDA:47,3,1,17
BRF:8
BRH:5
end_of_record
