TN:
SF:src\in-content\unifiedComponents\KarunaConnect.jsx
FN:16,(anonymous_0)
FN:43,KarunaConnect
FN:60,(anonymous_2)
FN:76,(anonymous_3)
FNF:4
FNH:2
FNDA:1,(anonymous_0)
FNDA:14,KarunaConnect
FNDA:0,(anonymous_2)
FNDA:0,(anonymous_3)
DA:16,1
DA:45,14
DA:48,12
DA:51,12
DA:54,0
DA:57,0
DA:60,0
DA:61,0
DA:62,0
DA:66,0
DA:76,0
DA:82,1
LF:12
LH:5
BRDA:67,0,0,0
BRDA:67,0,1,0
BRDA:68,1,0,0
BRDA:68,1,1,0
BRDA:70,2,0,0
BRDA:70,2,1,0
BRDA:73,3,0,0
BRDA:73,3,1,0
BRF:8
BRH:0
end_of_record
TN:
SF:src\in-content\unifiedComponents\KarunaConnect\ConnectMainDrawer.jsx
FN:15,(anonymous_0)
FN:72,ConnectMainDrawer
FN:94,(anonymous_2)
FN:99,(anonymous_3)
FN:106,(anonymous_4)
FN:114,(anonymous_5)
FN:119,(anonymous_6)
FN:126,(anonymous_7)
FN:140,(anonymous_8)
FN:141,(anonymous_9)
FN:144,(anonymous_10)
FNF:11
FNH:2
FNDA:4,(anonymous_0)
FNDA:4,ConnectMainDrawer
FNDA:0,(anonymous_2)
FNDA:0,(anonymous_3)
FNDA:0,(anonymous_4)
FNDA:0,(anonymous_5)
FNDA:0,(anonymous_6)
FNDA:0,(anonymous_7)
FNDA:0,(anonymous_8)
FNDA:0,(anonymous_9)
FNDA:0,(anonymous_10)
DA:15,4
DA:73,4
DA:81,4
DA:84,4
DA:87,4
DA:90,4
DA:91,4
DA:94,4
DA:95,0
DA:96,0
DA:97,0
DA:99,0
DA:100,0
DA:106,4
DA:107,0
DA:108,0
DA:109,0
DA:114,4
DA:115,0
DA:116,0
DA:117,0
DA:119,0
DA:120,0
DA:126,4
DA:127,0
DA:128,0
DA:129,0
DA:130,0
DA:135,4
DA:140,0
DA:141,0
DA:144,0
DA:157,1
DA:168,1
LF:34
LH:14
BRDA:95,0,0,0
BRDA:95,0,1,0
BRDA:95,1,0,0
BRDA:95,1,1,0
BRDA:96,2,0,0
BRDA:96,2,1,0
BRDA:107,3,0,0
BRDA:107,3,1,0
BRDA:115,4,0,0
BRDA:115,4,1,0
BRDA:116,5,0,0
BRDA:116,5,1,0
BRDA:127,6,0,0
BRDA:127,6,1,0
BRDA:139,7,0,0
BRDA:139,7,1,4
BRDA:139,8,0,0
BRDA:139,8,1,4
BRDA:139,9,0,0
BRDA:139,9,1,4
BRF:20
BRH:3
end_of_record
TN:
SF:src\in-content\unifiedComponents\KarunaConnect\ConnectStatusDrawer.jsx
FN:14,(anonymous_0)
FN:63,ConnectStatusDrawer
FN:76,(anonymous_2)
FN:81,(anonymous_3)
FN:92,(anonymous_4)
FN:93,(anonymous_5)
FNF:6
FNH:2
FNDA:1,(anonymous_0)
FNDA:4,ConnectStatusDrawer
FNDA:0,(anonymous_2)
FNDA:0,(anonymous_3)
FNDA:0,(anonymous_4)
FNDA:0,(anonymous_5)
DA:14,1
DA:65,4
DA:66,4
DA:69,4
DA:70,0
DA:73,0
DA:76,0
DA:77,0
DA:81,0
DA:82,0
DA:83,0
DA:87,0
DA:92,0
DA:93,0
DA:141,1
DA:149,1
LF:16
LH:6
BRDA:83,0,0,0
BRDA:83,0,1,0
BRDA:91,1,0,0
BRDA:91,1,1,0
BRDA:91,2,0,0
BRDA:91,2,1,0
BRDA:121,3,0,0
BRDA:121,3,1,0
BRDA:122,4,0,0
BRDA:122,4,1,0
BRDA:126,5,0,0
BRDA:126,5,1,0
BRDA:126,6,0,0
BRDA:126,6,1,0
BRDA:127,7,0,0
BRDA:127,7,1,0
BRDA:127,8,0,0
BRDA:127,8,1,0
BRDA:131,9,0,0
BRDA:131,9,1,0
BRF:20
BRH:0
end_of_record
TN:
SF:src\in-content\unifiedComponents\KarunaConnect\CustomTooltip.jsx
FN:7,(anonymous_0)
FN:16,CustomTooltip
FNF:2
FNH:0
FNDA:0,(anonymous_0)
FNDA:0,CustomTooltip
DA:7,1
DA:17,0
DA:20,0
DA:28,0
DA:35,1
DA:40,1
LF:6
LH:3
BRF:0
BRH:0
end_of_record
TN:
SF:src\in-content\unifiedComponents\KarunaConnect\PanelOpenArrow.jsx
FN:9,(anonymous_0)
FN:22,OpenArrow
FNF:2
FNH:0
FNDA:0,(anonymous_0)
FNDA:0,OpenArrow
DA:9,1
DA:23,0
DA:24,0
DA:26,0
DA:38,1
DA:43,1
LF:6
LH:3
BRDA:29,0,0,0
BRDA:29,0,1,0
BRDA:32,1,0,0
BRDA:32,1,1,0
BRF:4
BRH:0
end_of_record
TN:
SF:src\in-content\unifiedComponents\KarunaConnect\PanelTitle.jsx
FN:9,(anonymous_0)
FN:16,PanelTitle
FN:22,(anonymous_2)
FNF:3
FNH:2
FNDA:4,(anonymous_0)
FNDA:4,PanelTitle
FNDA:0,(anonymous_2)
DA:9,4
DA:18,4
DA:19,4
DA:22,4
DA:23,0
DA:24,0
DA:29,4
DA:65,1
DA:71,1
LF:9
LH:7
BRDA:23,0,0,0
BRDA:23,0,1,0
BRDA:32,1,0,4
BRDA:32,1,1,0
BRDA:42,2,0,0
BRDA:42,2,1,4
BRDA:47,3,0,4
BRDA:47,3,1,4
BRF:8
BRH:4
end_of_record
TN:
SF:src\in-content\unifiedComponents\data\backgroundHelper.js
FN:18,sendMessageToBackground
FN:20,(anonymous_1)
FN:34,retrieveAffectList
FN:35,(anonymous_3)
FN:44,(anonymous_4)
FN:45,(anonymous_5)
FN:50,retrieveAffectHistoryList
FN:51,(anonymous_7)
FN:60,(anonymous_8)
FN:61,(anonymous_9)
FN:66,retrieveMoodPrivacy
FN:67,(anonymous_11)
FN:76,(anonymous_12)
FN:82,(anonymous_13)
FN:87,setCurrentAffect
FN:88,(anonymous_15)
FN:97,(anonymous_16)
FN:98,(anonymous_17)
FN:103,setCurrentCollaboration
FN:104,(anonymous_19)
FN:112,(anonymous_20)
FN:113,(anonymous_21)
FN:118,setTimeToRespond
FN:119,(anonymous_23)
FN:127,(anonymous_24)
FN:128,(anonymous_25)
FN:133,setMoodPrivacy
FN:134,(anonymous_27)
FN:143,(anonymous_28)
FN:144,(anonymous_29)
FN:149,retrieveUserStatus
FN:150,(anonymous_31)
FN:155,(anonymous_32)
FN:156,(anonymous_33)
FN:161,retrieveBasicUserInfo
FN:162,(anonymous_35)
FN:167,(anonymous_36)
FN:168,(anonymous_37)
FNF:38
FNH:5
FNDA:5,sendMessageToBackground
FNDA:0,(anonymous_1)
FNDA:0,retrieveAffectList
FNDA:0,(anonymous_3)
FNDA:0,(anonymous_4)
FNDA:0,(anonymous_5)
FNDA:0,retrieveAffectHistoryList
FNDA:0,(anonymous_7)
FNDA:0,(anonymous_8)
FNDA:0,(anonymous_9)
FNDA:0,retrieveMoodPrivacy
FNDA:0,(anonymous_11)
FNDA:0,(anonymous_12)
FNDA:0,(anonymous_13)
FNDA:0,setCurrentAffect
FNDA:0,(anonymous_15)
FNDA:0,(anonymous_16)
FNDA:0,(anonymous_17)
FNDA:0,setCurrentCollaboration
FNDA:0,(anonymous_19)
FNDA:0,(anonymous_20)
FNDA:0,(anonymous_21)
FNDA:0,setTimeToRespond
FNDA:0,(anonymous_23)
FNDA:0,(anonymous_24)
FNDA:0,(anonymous_25)
FNDA:0,setMoodPrivacy
FNDA:0,(anonymous_27)
FNDA:0,(anonymous_28)
FNDA:0,(anonymous_29)
FNDA:2,retrieveUserStatus
FNDA:2,(anonymous_31)
FNDA:0,(anonymous_32)
FNDA:0,(anonymous_33)
FNDA:3,retrieveBasicUserInfo
FNDA:3,(anonymous_35)
FNDA:0,(anonymous_36)
FNDA:0,(anonymous_37)
DA:3,1
DA:20,5
DA:21,0
DA:22,0
DA:23,0
DA:24,0
DA:28,0
DA:29,0
DA:35,0
DA:37,0
DA:44,0
DA:45,0
DA:51,0
DA:53,0
DA:60,0
DA:61,0
DA:67,0
DA:69,0
DA:77,0
DA:78,0
DA:80,0
DA:82,0
DA:88,0
DA:90,0
DA:97,0
DA:98,0
DA:104,0
DA:106,0
DA:112,0
DA:113,0
DA:119,0
DA:121,0
DA:127,0
DA:128,0
DA:134,0
DA:136,0
DA:143,0
DA:144,0
DA:150,2
DA:151,2
DA:155,0
DA:156,0
DA:162,3
DA:163,3
DA:167,0
DA:168,0
LF:46
LH:6
BRDA:18,0,0,0
BRDA:19,1,0,0
BRDA:19,2,0,0
BRDA:19,3,0,0
BRDA:21,4,0,0
BRDA:21,4,1,0
BRDA:21,5,0,0
BRDA:21,5,1,0
BRDA:23,6,0,0
BRDA:23,6,1,0
BRDA:28,7,0,0
BRDA:28,7,1,0
BRDA:34,8,0,0
BRDA:50,9,0,0
BRDA:66,10,0,0
BRDA:77,11,0,0
BRDA:77,11,1,0
BRDA:77,12,0,0
BRDA:77,12,1,0
BRDA:87,13,0,0
BRDA:103,14,0,0
BRDA:118,15,0,0
BRDA:133,16,0,0
BRDA:149,17,0,0
BRF:24
BRH:0
end_of_record
TN:
SF:src\in-content\unifiedComponents\data\globalState.js
FN:12,(anonymous_0)
FN:44,(anonymous_1)
FN:49,(anonymous_2)
FN:59,(anonymous_3)
FN:79,(anonymous_4)
FN:84,(anonymous_5)
FN:94,(anonymous_6)
FN:98,(anonymous_7)
FN:112,(anonymous_8)
FN:117,(anonymous_9)
FN:129,(anonymous_10)
FN:134,(anonymous_11)
FN:146,(anonymous_12)
FN:151,(anonymous_13)
FN:161,(anonymous_14)
FN:166,(anonymous_15)
FN:182,(anonymous_16)
FN:187,(anonymous_17)
FN:203,(anonymous_18)
FN:208,(anonymous_19)
FNF:20
FNH:3
FNDA:0,(anonymous_0)
FNDA:3,(anonymous_1)
FNDA:0,(anonymous_2)
FNDA:6,(anonymous_3)
FNDA:0,(anonymous_4)
FNDA:0,(anonymous_5)
FNDA:0,(anonymous_6)
FNDA:0,(anonymous_7)
FNDA:0,(anonymous_8)
FNDA:0,(anonymous_9)
FNDA:0,(anonymous_10)
FNDA:0,(anonymous_11)
FNDA:2,(anonymous_12)
FNDA:0,(anonymous_13)
FNDA:0,(anonymous_14)
FNDA:0,(anonymous_15)
FNDA:0,(anonymous_16)
FNDA:0,(anonymous_17)
FNDA:0,(anonymous_18)
FNDA:0,(anonymous_19)
DA:7,1
DA:11,1
DA:12,1
DA:13,0
DA:17,1
DA:23,1
DA:29,1
DA:34,1
DA:40,1
DA:46,3
DA:49,3
DA:50,0
DA:57,1
DA:60,6
DA:61,0
DA:66,1
DA:72,1
DA:81,0
DA:84,0
DA:85,0
DA:92,1
DA:95,0
DA:100,0
DA:103,0
DA:108,1
DA:114,0
DA:117,0
DA:118,0
DA:125,1
DA:131,0
DA:134,0
DA:135,0
DA:142,1
DA:148,2
DA:151,2
DA:152,0
DA:159,1
DA:162,0
DA:163,0
DA:168,0
DA:169,0
DA:175,0
DA:180,1
DA:183,0
DA:184,0
DA:189,0
DA:190,0
DA:196,0
DA:201,1
DA:204,0
DA:205,0
DA:210,0
DA:211,0
DA:217,0
LF:54
LH:23
BRF:0
BRH:0
end_of_record
TN:
SF:src\util\Logger.js
FN:1,makeLogger
FN:7,logger
FN:11,error
FNF:3
FNH:1
FNDA:2,makeLogger
FNDA:0,logger
FNDA:0,error
DA:2,2
DA:3,2
DA:4,2
DA:8,0
DA:12,0
LF:5
LH:3
BRF:0
BRH:0
end_of_record
